0 info it worked if it ends with ok
1 verbose cli [ 'C:\\Program Files\\nodejs\\node.exe',
1 verbose cli   'C:\\Program Files\\nodejs\\node_modules\\npm\\bin\\npm-cli.js',
1 verbose cli   'run',
1 verbose cli   'server' ]
2 info using npm@4.1.2
3 info using node@v7.7.3
4 verbose run-script [ 'preserver', 'server', 'postserver' ]
5 info lifecycle tetris@1.0.0~preserver: tetris@1.0.0
6 silly lifecycle tetris@1.0.0~preserver: no script for preserver, continuing
7 info lifecycle tetris@1.0.0~server: tetris@1.0.0
8 verbose lifecycle tetris@1.0.0~server: unsafe-perm in lifecycle true
9 verbose lifecycle tetris@1.0.0~server: PATH: C:\Program Files\nodejs\node_modules\npm\bin\node-gyp-bin;E:\code\Game\俄罗斯方块\node_modules\.bin;D:\ImageMagick-7.0.1-Q16;D:\python2\;D:\python2\Scripts;C:\Ruby22\bin;C:\Program Files (x86)\Common Files\Intel\Shared Libraries\redist\intel64\compiler;C:\Program Files\Common Files\Microsoft Shared\Windows Live;C:\PROGRAM FILES (X86)\INTEL\ICLS CLIENT\;C:\PROGRAM FILES\INTEL\ICLS CLIENT\;C:\Windows\SYSTEM32;C:\Windows;C:\Windows\SYSTEM32\WBEM;C:\Windows\SYSTEM32\WINDOWSPOWERSHELL\V1.0\;C:\PROGRAM FILES\INTEL\INTEL(R) MANAGEMENT ENGINE COMPONENTS\DAL;C:\PROGRAM FILES (X86)\INTEL\INTEL(R) MANAGEMENT ENGINE COMPONENTS\DAL;C:\PROGRAM FILES\INTEL\INTEL(R) MANAGEMENT ENGINE COMPONENTS\IPT;C:\PROGRAM FILES (X86)\INTEL\INTEL(R) MANAGEMENT ENGINE COMPONENTS\IPT;C:\Program Files\Lenovo\Bluetooth Software\;C:\Program Files\Lenovo\Bluetooth Software\syswow64;C:\Program Files (x86)\QuickTime\QTSystem\;C:\Program Files (x86)\ATI Technologies\ATI.ACE\Core-Static;C:\Program Files (x86)\AMD\ATI.ACE\Core-Static;D:\calibre\;C:\Program Files\Git\cmd;C:\Program Files (x86)\gtm;C:\Program Files\nodejs\;C:\Program Files (x86)\MacType;D:\Python2;C:\Program Files\MySQL\MySQL Utilities 1.6\;D:\mysql\bin;C:\Users\Administrator\AppData\Local\Programs\Python\Python36-32\Scripts\;C:\Users\Administrator\AppData\Local\Programs\Python\Python36-32\;C:\Program Files\Common Files\Microsoft Shared\Windows Live;C:\Users\Administrator\AppData\Roaming\npm;D:\Microsoft VS Code\bin;C:\Program Files\MySQL\MySQL Server 5.7\bin
10 verbose lifecycle tetris@1.0.0~server: CWD: E:\code\Game\俄罗斯方块
11 silly lifecycle tetris@1.0.0~server: Args: [ '/d /s /c',
11 silly lifecycle   'browser-sync start --server --files \'*.css, *.html, *.js, js/*.js\' ' ]
12 verbose stack Error: kill ENOSYS
12 verbose stack     at exports._errnoException (util.js:1033:11)
12 verbose stack     at process.kill (internal/process.js:188:13)
12 verbose stack     at process.listener (C:\Program Files\nodejs\node_modules\npm\node_modules\npmlog\node_modules\gauge\node_modules\signal-exit\index.js:95:15)
12 verbose stack     at emitNone (events.js:86:13)
12 verbose stack     at process.emit (events.js:188:7)
12 verbose stack     at processEmit (C:\Program Files\nodejs\node_modules\npm\node_modules\npmlog\node_modules\gauge\node_modules\signal-exit\index.js:155:32)
12 verbose stack     at Signal.wrap.onsignal (internal/process.js:215:44)
13 verbose cwd E:\code\Game\俄罗斯方块
14 error Windows_NT 6.1.7601
15 error argv "C:\\Program Files\\nodejs\\node.exe" "C:\\Program Files\\nodejs\\node_modules\\npm\\bin\\npm-cli.js" "run" "server"
16 error node v7.7.3
17 error npm  v4.1.2
18 error code ENOSYS
19 error errno ENOSYS
20 error syscall kill
21 error kill ENOSYS
22 error If you need help, you may report this error at:
22 error     <https://github.com/npm/npm/issues>
23 verbose exit [ 1, true ]
